<?xml version="1.0" encoding="UTF-8"?>
<testng-results skipped="0" failed="0" ignored="1" total="2" passed="1">
  <reporter-output>
  </reporter-output>
  <suite name="Command line suite" duration-ms="21268" started-at="2022-09-09T18:46:09 EEST" finished-at="2022-09-09T18:46:30 EEST">
    <groups>
    </groups>
    <test name="Command line test" duration-ms="21268" started-at="2022-09-09T18:46:09 EEST" finished-at="2022-09-09T18:46:30 EEST">
      <class name="webDriverTests.AddToCartTest">
        <test-method status="PASS" signature="profileSetup()[pri:0, instance:webDriverTests.AddToCartTest@57855c9a]" name="profileSetup" is-config="true" duration-ms="17" started-at="2022-09-09T18:46:09 EEST" finished-at="2022-09-09T18:46:09 EEST">
          <reporter-output>
          </reporter-output>
        </test-method> <!-- profileSetup -->
        <test-method status="PASS" signature="testSetup()[pri:0, instance:webDriverTests.AddToCartTest@57855c9a]" name="testSetup" is-config="true" duration-ms="9766" started-at="2022-09-09T18:46:09 EEST" finished-at="2022-09-09T18:46:19 EEST">
          <reporter-output>
          </reporter-output>
        </test-method> <!-- testSetup -->
        <test-method status="PASS" signature="checkThanTheProductIsInCart()[pri:0, instance:webDriverTests.AddToCartTest@57855c9a]" name="checkThanTheProductIsInCart" duration-ms="11175" started-at="2022-09-09T18:46:19 EEST" finished-at="2022-09-09T18:46:30 EEST">
          <reporter-output>
          </reporter-output>
        </test-method> <!-- checkThanTheProductIsInCart -->
        <test-method status="PASS" signature="tearDown()[pri:0, instance:webDriverTests.AddToCartTest@57855c9a]" name="tearDown" is-config="true" duration-ms="251" started-at="2022-09-09T18:46:30 EEST" finished-at="2022-09-09T18:46:30 EEST">
          <reporter-output>
          </reporter-output>
        </test-method> <!-- tearDown -->
      </class> <!-- webDriverTests.AddToCartTest -->
    </test> <!-- Command line test -->
  </suite> <!-- Command line suite -->
</testng-results>
