<?xml version="1.0" encoding="UTF-8"?>
<!-- Generated by org.testng.reporters.JUnitXMLReporter -->
<testsuite hostname="Maksimilian" ignored="0" tests="6" failures="0" timestamp="2022-09-08T02:20:31 EEST" time="84.684" errors="0">
  <testcase name="checkingSearchResults" time="6.184" classname="WebDriverHW2Test"/>
  <testcase name="checkingFilterResults" time="6.769" classname="WebDriverHW2Test"/>
  <testcase name="checkOfCountOfProductsOnThePage" time="6.23" classname="WebDriverHW2Test"/>
  <testcase name="checkThanYouCanBuyProduct" time="4.264" classname="WebDriverHW2Test"/>
  <testcase name="checkThanTheProductIsInCart" time="6.628" classname="WebDriverHW2Test"/>
  <testcase name="checkCorrectSorting" time="8.149" classname="WebDriverHW2Test"/>
</testsuite>
