<?xml version="1.0" encoding="UTF-8"?>
<!-- Generated by org.testng.reporters.JUnitXMLReporter -->
<testsuite hostname="Maksimilian" ignored="1" name="Command line test" tests="1" failures="0" timestamp="2022-09-09T18:46:30 EEST" time="21.268" errors="0">
  <testcase name="checkThanTheProductIsInCart" time="11.175" classname="webDriverTests.AddToCartTest"/>
  <testcase name="@BeforeTest profileSetup" time="0.0" classname="webDriverTests.BaseTest">
    <ignored/>
  </testcase> <!-- @BeforeTest profileSetup -->
</testsuite> <!-- Command line test -->
